<?xml version="1.0" encoding="UTF-8"?>
<!-- Generated by org.testng.reporters.JUnitReportReporter -->
<testsuite hostname="DESKTOP-S42SFQ5" failures="0" tests="1" name="homePageTest.HomePageTest" time="18.376" errors="0" timestamp="2023-12-11T13:48:32 EST" skipped="0">
  <testcase classname="homePageTest.HomePageTest" name="getMyQuoteTest" time="18.376">
    <system-out>
      <![CDATA[21244 <-----> has been put into <-----> [[ChromeDriver: chrome on windows (a52f1864d7b730176ca389983be65179)] -> xpath: //input[@id='ssp-service-zip']]<br>
[[ChromeDriver: chrome on windows (a52f1864d7b730176ca389983be65179)] -> xpath: (//input[@type='submit'])[1]]<---------> has been clicked<br>
[[ChromeDriver: chrome on windows (a52f1864d7b730176ca389983be65179)] -> xpath: (//div[@class='product-checkbox'])[1]]<---------> has been clicked<br>
Javascript Executor executing to view ...arguments[0].scrollIntoView(true); on the element of ---> [[ChromeDriver: chrome on windows (a52f1864d7b730176ca389983be65179)] -> xpath: //div[@id='bundleModalBtn']/p/a]<br>
[[ChromeDriver: chrome on windows (a52f1864d7b730176ca389983be65179)] -> xpath: //div[@id='bundleModalBtn']/p/a]<---------> has been clicked<br>]]>
    </system-out>
  </testcase> <!-- getMyQuoteTest -->
  <system-out>
    <![CDATA[21244 <-----> has been put into <-----> [[ChromeDriver: chrome on windows (a52f1864d7b730176ca389983be65179)] -> xpath: //input[@id='ssp-service-zip']]<br>
[[ChromeDriver: chrome on windows (a52f1864d7b730176ca389983be65179)] -> xpath: (//input[@type='submit'])[1]]<---------> has been clicked<br>
[[ChromeDriver: chrome on windows (a52f1864d7b730176ca389983be65179)] -> xpath: (//div[@class='product-checkbox'])[1]]<---------> has been clicked<br>
Javascript Executor executing to view ...arguments[0].scrollIntoView(true); on the element of ---> [[ChromeDriver: chrome on windows (a52f1864d7b730176ca389983be65179)] -> xpath: //div[@id='bundleModalBtn']/p/a]<br>
[[ChromeDriver: chrome on windows (a52f1864d7b730176ca389983be65179)] -> xpath: //div[@id='bundleModalBtn']/p/a]<---------> has been clicked<br>]]>
  </system-out>
</testsuite> <!-- homePageTest.HomePageTest -->
